<?xml version="1.0" encoding="UTF-8"?>
<!-- Generated by org.testng.reporters.JUnitReportReporter -->
<testsuite hostname="MANI" failures="0" tests="1" name="testcases.TC03_Pagination" time="5.490" errors="0" timestamp="2024-12-21T12:04:11 IST" skipped="0">
  <testcase classname="testcases.TC03_Pagination" name="validatePagination" time="5.490"/>
</testsuite> <!-- testcases.TC03_Pagination -->
