<?xml version="1.0" encoding="UTF-8"?>
<!-- Generated by org.testng.reporters.JUnitReportReporter -->
<testsuite hostname="MANI" failures="0" tests="3" name="testcases.TC01_RegistrationOfPatient" time="31.179" errors="0" timestamp="2024-12-21T12:04:11 IST" skipped="0">
  <testcase classname="testcases.TC01_RegistrationOfPatient" name="validateByprovindingInvalidData" time="11.158"/>
  <testcase classname="testcases.TC01_RegistrationOfPatient" name="validateUnIdentifiedPatient" time="11.450"/>
  <testcase classname="testcases.TC01_RegistrationOfPatient" name="validateWithOnlyMandatoryData" time="8.571"/>
</testsuite> <!-- testcases.TC01_RegistrationOfPatient -->
