<?xml version="1.0" encoding="UTF-8"?>
<!-- Generated by org.testng.reporters.JUnitReportReporter -->
<testsuite hostname="MANI" failures="0" tests="3" name="testcases.TC02_FindPatient" time="9.948" errors="0" timestamp="2024-12-21T12:04:11 IST" skipped="0">
  <testcase classname="testcases.TC02_FindPatient" name="validateFindingPatientByNonexistentData" time="3.550"/>
  <testcase classname="testcases.TC02_FindPatient" name="validateFindingPatientById" time="4.329"/>
  <testcase classname="testcases.TC02_FindPatient" name="validateFindingPatientByName" time="2.069"/>
</testsuite> <!-- testcases.TC02_FindPatient -->
